<?xml version="1.0" encoding="UTF-8"?>
<!-- Generated by org.testng.reporters.JUnitXMLReporter -->
<testsuite ignored="0" hostname="RK-CDAPITANON" failures="0" tests="3" name="Default test" time="62.231" errors="0" timestamp="2023-03-30T20:30:08 PST">
  <testcase classname="com.platform.stg.testcases.Login" name="testBookAppointmentOne" time="4.661"/>
  <testcase classname="com.platform.stg.testcases.Login" name="testBookAppointmentTwo" time="5.282"/>
  <testcase classname="com.platform.stg.testcases.Login" name="testBookAppointmentThree" time="4.19"/>
</testsuite> <!-- Default test -->
