<?xml version="1.0" encoding="UTF-8"?>
<testng-results ignored="0" total="2" passed="2" failed="0" skipped="0">
  <reporter-output>
  </reporter-output>
  <suite started-at="2023-03-30T17:24:14 PST" name="Default suite" finished-at="2023-03-30T17:24:26 PST" duration-ms="11462">
    <groups>
    </groups>
    <test started-at="2023-03-30T17:24:14 PST" name="Default test" finished-at="2023-03-30T17:24:26 PST" duration-ms="11462">
      <class name="com.platform.stg.testcases.Login">
        <test-method is-config="true" signature="setup()[pri:0, instance:com.platform.stg.testcases.Login@2f9f7dcf]" started-at="2023-03-30T17:24:14 PST" name="setup" finished-at="2023-03-30T17:24:22 PST" duration-ms="7392" status="PASS">
          <reporter-output>
          </reporter-output>
        </test-method> <!-- setup -->
        <test-method signature="testBookAppointmentOne()[pri:1, instance:com.platform.stg.testcases.Login@2f9f7dcf]" started-at="2023-03-30T17:24:22 PST" name="testBookAppointmentOne" finished-at="2023-03-30T17:24:24 PST" duration-ms="2681" status="PASS">
          <reporter-output>
          </reporter-output>
        </test-method> <!-- testBookAppointmentOne -->
        <test-method signature="testBookAppointmentTwo()[pri:2, instance:com.platform.stg.testcases.Login@2f9f7dcf]" started-at="2023-03-30T17:24:24 PST" name="testBookAppointmentTwo" finished-at="2023-03-30T17:24:26 PST" duration-ms="1236" status="PASS">
          <reporter-output>
          </reporter-output>
        </test-method> <!-- testBookAppointmentTwo -->
        <test-method is-config="true" signature="tearDown()[pri:0, instance:com.platform.stg.testcases.Login@2f9f7dcf]" started-at="2023-03-30T17:24:26 PST" name="tearDown" finished-at="2023-03-30T17:24:26 PST" duration-ms="108" status="PASS">
          <reporter-output>
          </reporter-output>
        </test-method> <!-- tearDown -->
      </class> <!-- com.platform.stg.testcases.Login -->
    </test> <!-- Default test -->
  </suite> <!-- Default suite -->
</testng-results>
