<?xml version="1.0" encoding="UTF-8"?>
<testng-results ignored="0" total="3" passed="3" failed="0" skipped="0">
  <reporter-output>
  </reporter-output>
  <suite started-at="2023-03-30T20:29:06 PST" name="Default suite" finished-at="2023-03-30T20:30:08 PST" duration-ms="62231">
    <groups>
    </groups>
    <test started-at="2023-03-30T20:29:06 PST" name="Default test" finished-at="2023-03-30T20:30:08 PST" duration-ms="62231">
      <class name="com.platform.stg.testcases.Login">
        <test-method is-config="true" signature="setup()[pri:0, instance:com.platform.stg.testcases.Login@747ddf94]" started-at="2023-03-30T20:29:06 PST" name="setup" finished-at="2023-03-30T20:29:54 PST" duration-ms="47938" status="PASS">
          <reporter-output>
          </reporter-output>
        </test-method> <!-- setup -->
        <test-method signature="testBookAppointmentOne()[pri:1, instance:com.platform.stg.testcases.Login@747ddf94]" started-at="2023-03-30T20:29:54 PST" name="testBookAppointmentOne" finished-at="2023-03-30T20:29:58 PST" duration-ms="4661" status="PASS">
          <reporter-output>
          </reporter-output>
        </test-method> <!-- testBookAppointmentOne -->
        <test-method signature="testBookAppointmentTwo()[pri:2, instance:com.platform.stg.testcases.Login@747ddf94]" started-at="2023-03-30T20:29:58 PST" name="testBookAppointmentTwo" finished-at="2023-03-30T20:30:04 PST" duration-ms="5282" status="PASS">
          <reporter-output>
          </reporter-output>
        </test-method> <!-- testBookAppointmentTwo -->
        <test-method signature="testBookAppointmentThree()[pri:3, instance:com.platform.stg.testcases.Login@747ddf94]" started-at="2023-03-30T20:30:04 PST" name="testBookAppointmentThree" finished-at="2023-03-30T20:30:08 PST" duration-ms="4190" status="PASS">
          <reporter-output>
          </reporter-output>
        </test-method> <!-- testBookAppointmentThree -->
        <test-method is-config="true" signature="tearDown()[pri:0, instance:com.platform.stg.testcases.Login@747ddf94]" started-at="2023-03-30T20:30:08 PST" name="tearDown" finished-at="2023-03-30T20:30:08 PST" duration-ms="114" status="PASS">
          <reporter-output>
          </reporter-output>
        </test-method> <!-- tearDown -->
      </class> <!-- com.platform.stg.testcases.Login -->
    </test> <!-- Default test -->
  </suite> <!-- Default suite -->
</testng-results>
